<?xml version="1.0" encoding="UTF-8"?>
<!-- Generated by org.testng.reporters.JUnitReportReporter -->
<testsuite skipped="0" hostname="LAPTOP-A5D55VAQ" name="com.redbusFramework.testcases.SearchBusPageTitleTest" tests="1" failures="0" timestamp="26 May 2019 11:58:06 GMT" time="19.990" errors="0">
  <testcase name="verifyogin" time="19.990" classname="com.redbusFramework.testcases.SearchBusPageTitleTest"/>
</testsuite> <!-- com.redbusFramework.testcases.SearchBusPageTitleTest -->
