<?xml version="1.0" encoding="UTF-8"?>
<!-- Generated by org.testng.reporters.JUnitReportReporter -->
<testsuite skipped="0" hostname="LAPTOP-A5D55VAQ" name="com.redbusFramework.testcases.LoginTest" tests="1" failures="0" timestamp="25 May 2019 15:35:18 GMT" time="25.645" errors="0">
  <testcase name="verifyogin" time="25.645" classname="com.redbusFramework.testcases.LoginTest"/>
</testsuite> <!-- com.redbusFramework.testcases.LoginTest -->
