<?xml version="1.0" encoding="UTF-8"?>
<!-- Generated by org.testng.reporters.JUnitReportReporter -->
<testsuite skipped="0" hostname="LAPTOP-A5D55VAQ" name="com.redbusFramework.testcases.HomePageTitleTest" tests="1" failures="0" timestamp="26 May 2019 11:58:06 GMT" time="22.020" errors="0">
  <testcase name="verifyHomePageTitle" time="22.020" classname="com.redbusFramework.testcases.HomePageTitleTest"/>
</testsuite> <!-- com.redbusFramework.testcases.HomePageTitleTest -->
